<?xml version="1.0" encoding="UTF-8"?>
<!-- Generated by org.testng.reporters.JUnitXMLReporter -->
<testsuite ignored="0" hostname="TYSS-Vyshale" failures="1" tests="1" name="Test" time="0.039" errors="0" timestamp="2024-07-23T12:12:34 IST">
  <testcase classname="letcode.com.ToWotkWithDetailedDP" name="login" time="0.0">
    <failure type="java.lang.RuntimeException" message="java.lang.Error: Unresolved compilation problem: 
	The method getExcelData() is undefined for the type AdvanceExcelReader
">
      <![CDATA[java.lang.RuntimeException: java.lang.Error: Unresolved compilation problem: 
The method getExcelData() is undefined for the type AdvanceExcelReader

at java.base/java.util.ArrayList.forEach(ArrayList.java:1511)
Caused by: java.lang.Error: Unresolved compilation problem: 
The method getExcelData() is undefined for the type AdvanceExcelReader

at DataProvider.DataUtils.getData(DataUtils.java:17)
... 25 more
... Removed 32 stack frames]]>
    </failure>
  </testcase> <!-- login -->
</testsuite> <!-- Test -->
